SF:lib\models\api.dart
DA:22,1
DA:23,1
DA:24,1
DA:26,1
DA:29,1
DA:34,0
DA:35,0
DA:36,0
DA:37,0
DA:40,0
DA:43,0
DA:54,0
DA:57,0
DA:58,0
DA:60,0
DA:61,0
DA:62,0
DA:63,0
DA:64,0
DA:65,0
DA:72,0
DA:75,0
DA:77,0
DA:80,0
DA:81,0
DA:84,0
DA:93,0
DA:97,0
DA:99,0
DA:102,0
DA:103,0
DA:106,0
DA:112,0
DA:115,0
DA:117,0
DA:120,0
DA:130,0
DA:141,0
DA:143,0
DA:147,0
DA:148,0
DA:149,0
DA:150,0
DA:151,0
DA:152,0
DA:153,0
DA:155,0
DA:160,0
DA:161,0
DA:164,0
DA:172,0
DA:175,0
DA:180,0
DA:186,0
DA:188,0
DA:189,0
DA:191,0
DA:194,0
DA:199,0
DA:200,0
DA:202,0
DA:205,0
DA:206,0
LF:63
LH:5
end_of_record
SF:lib\models\preferences\preference_hostname.dart
DA:8,0
DA:9,0
DA:13,0
DA:14,0
DA:17,0
DA:18,0
DA:19,0
DA:20,0
DA:22,0
DA:23,0
DA:24,0
DA:29,0
DA:30,0
DA:31,0
LF:14
LH:0
end_of_record
SF:lib\models\preferences\preference_port.dart
DA:7,0
DA:8,0
DA:12,0
DA:13,0
DA:14,0
DA:18,0
DA:19,0
DA:20,0
LF:8
LH:0
end_of_record
SF:lib\models\preferences\preference_token.dart
DA:9,0
DA:10,0
DA:14,0
DA:15,0
DA:16,0
DA:19,0
DA:20,0
DA:21,0
DA:27,0
DA:28,0
DA:32,0
LF:11
LH:0
end_of_record
SF:lib\models\app_state.dart
DA:9,0
DA:11,0
DA:12,0
DA:14,0
DA:15,0
DA:17,0
DA:28,0
DA:30,0
DA:32,0
DA:34,0
DA:36,0
DA:38,0
DA:39,0
DA:40,0
DA:41,0
DA:42,0
DA:43,0
DA:46,0
DA:47,0
DA:50,0
DA:52,0
DA:53,0
DA:56,0
DA:62,0
DA:63,0
DA:64,0
DA:68,0
DA:69,0
DA:70,0
DA:71,0
DA:72,0
DA:73,0
DA:77,0
DA:78,0
DA:79,0
DA:83,0
DA:84,0
DA:85,0
DA:86,0
DA:87,0
DA:91,0
DA:92,0
DA:94,0
DA:96,0
DA:100,0
DA:101,0
DA:103,0
DA:105,0
DA:106,0
DA:110,0
DA:112,0
DA:114,0
DA:122,0
DA:123,0
DA:125,0
LF:55
LH:0
end_of_record
SF:lib\models\preferences\preference.dart
DA:22,0
DA:37,0
DA:38,0
DA:39,0
DA:43,0
DA:44,0
DA:45,0
DA:49,0
DA:50,0
DA:54,0
DA:55,0
LF:11
LH:0
end_of_record
